TN:
SF:src\App.jsx
FN:12,(anonymous_0)
FN:13,(anonymous_1)
FN:14,(anonymous_2)
FN:15,(anonymous_3)
FN:16,(anonymous_4)
FN:17,(anonymous_5)
FN:18,(anonymous_6)
FN:19,(anonymous_7)
FN:20,(anonymous_8)
FN:23,(anonymous_9)
FN:24,(anonymous_10)
FN:25,(anonymous_11)
FN:28,(anonymous_12)
FN:34,App
FNF:14
FNH:0
FNDA:0,(anonymous_0)
FNDA:0,(anonymous_1)
FNDA:0,(anonymous_2)
FNDA:0,(anonymous_3)
FNDA:0,(anonymous_4)
FNDA:0,(anonymous_5)
FNDA:0,(anonymous_6)
FNDA:0,(anonymous_7)
FNDA:0,(anonymous_8)
FNDA:0,(anonymous_9)
FNDA:0,(anonymous_10)
FNDA:0,(anonymous_11)
FNDA:0,(anonymous_12)
FNDA:0,App
DA:12,0
DA:13,0
DA:14,0
DA:15,0
DA:16,0
DA:17,0
DA:18,0
DA:19,0
DA:20,0
DA:23,0
DA:24,0
DA:25,0
DA:28,0
DA:29,0
DA:35,0
LF:15
LH:0
BRF:0
BRH:0
end_of_record
TN:
SF:src\components\auth\AdminRoute.jsx
FN:9,(anonymous_0)
FNF:1
FNH:0
FNDA:0,(anonymous_0)
DA:9,0
DA:10,0
LF:2
LH:0
BRDA:12,0,0,0
BRDA:12,0,1,0
BRF:2
BRH:0
end_of_record
TN:
SF:src\components\auth\GestorRoute.jsx
FN:12,(anonymous_0)
FNF:1
FNH:0
FNDA:0,(anonymous_0)
DA:12,0
DA:13,0
LF:2
LH:0
BRDA:15,0,0,0
BRDA:15,0,1,0
BRF:2
BRH:0
end_of_record
TN:
SF:src\components\auth\PermissionCheck.jsx
FN:14,(anonymous_0)
FN:33,(anonymous_1)
FN:40,(anonymous_2)
FNF:3
FNH:0
FNDA:0,(anonymous_0)
FNDA:0,(anonymous_1)
FNDA:0,(anonymous_2)
DA:14,0
DA:15,0
DA:18,0
DA:19,0
DA:23,0
DA:24,0
DA:28,0
DA:30,0
DA:31,0
DA:33,0
DA:34,0
DA:37,0
DA:40,0
DA:41,0
DA:44,0
DA:48,0
DA:49,0
DA:53,0
LF:18
LH:0
BRDA:14,0,0,0
BRDA:14,1,0,0
BRDA:18,2,0,0
BRDA:18,2,1,0
BRDA:18,3,0,0
BRDA:18,3,1,0
BRDA:23,4,0,0
BRDA:23,4,1,0
BRDA:28,5,0,0
BRDA:28,5,1,0
BRDA:30,6,0,0
BRDA:30,6,1,0
BRDA:31,7,0,0
BRDA:31,7,1,0
BRDA:37,8,0,0
BRDA:37,8,1,0
BRDA:44,9,0,0
BRDA:44,9,1,0
BRDA:49,10,0,0
BRDA:49,10,1,0
BRF:20
BRH:0
end_of_record
TN:
SF:src\components\auth\PermissionGate.jsx
FN:14,(anonymous_0)
FNF:1
FNH:0
FNDA:0,(anonymous_0)
DA:14,0
DA:20,0
DA:22,0
DA:25,0
LF:4
LH:0
BRDA:16,0,0,0
BRDA:18,1,0,0
BRDA:22,2,0,0
BRDA:22,2,1,0
BRF:4
BRH:0
end_of_record
TN:
SF:src\components\auth\ProtectedRoute.jsx
FN:15,(anonymous_0)
FNF:1
FNH:0
FNDA:0,(anonymous_0)
DA:15,0
DA:21,0
DA:22,0
DA:23,0
DA:28,0
DA:29,0
DA:37,0
DA:38,0
DA:42,0
DA:43,0
DA:47,0
DA:48,0
DA:52,0
LF:13
LH:0
BRDA:17,0,0,0
BRDA:18,1,0,0
BRDA:19,2,0,0
BRDA:23,3,0,0
BRDA:23,3,1,0
BRDA:28,4,0,0
BRDA:28,4,1,0
BRDA:37,5,0,0
BRDA:37,5,1,0
BRDA:42,6,0,0
BRDA:42,6,1,0
BRDA:42,7,0,0
BRDA:42,7,1,0
BRDA:47,8,0,0
BRDA:47,8,1,0
BRDA:47,9,0,0
BRDA:47,9,1,0
BRDA:52,10,0,0
BRDA:52,10,1,0
BRF:19
BRH:0
end_of_record
TN:
SF:src\components\documents\DocumentForm.jsx
FN:3,(anonymous_0)
FN:73,(anonymous_1)
FN:96,(anonymous_2)
FNF:3
FNH:1
FNDA:24,(anonymous_0)
FNDA:0,(anonymous_1)
FNDA:0,(anonymous_2)
DA:3,1
DA:4,24
DA:74,0
DA:97,0
DA:110,1
DA:124,1
LF:6
LH:4
BRF:0
BRH:0
end_of_record
TN:
SF:src\components\documents\FileUploader.jsx
FN:5,(anonymous_0)
FN:14,(anonymous_1)
FN:21,(anonymous_2)
FN:26,(anonymous_3)
FN:45,(anonymous_4)
FN:56,(anonymous_5)
FN:63,(anonymous_6)
FN:70,(anonymous_7)
FN:76,(anonymous_8)
FN:82,(anonymous_9)
FN:88,(anonymous_10)
FN:101,(anonymous_11)
FN:110,(anonymous_12)
FN:152,(anonymous_13)
FNF:14
FNH:2
FNDA:5,(anonymous_0)
FNDA:0,(anonymous_1)
FNDA:0,(anonymous_2)
FNDA:0,(anonymous_3)
FNDA:0,(anonymous_4)
FNDA:0,(anonymous_5)
FNDA:0,(anonymous_6)
FNDA:0,(anonymous_7)
FNDA:0,(anonymous_8)
FNDA:0,(anonymous_9)
FNDA:0,(anonymous_10)
FNDA:0,(anonymous_11)
FNDA:5,(anonymous_12)
FNDA:0,(anonymous_13)
DA:5,1
DA:6,5
DA:7,5
DA:8,5
DA:11,5
DA:14,5
DA:15,0
DA:16,0
DA:17,0
DA:21,5
DA:22,0
DA:26,5
DA:28,0
DA:29,0
DA:30,0
DA:34,0
DA:35,0
DA:36,0
DA:37,0
DA:40,0
DA:41,0
DA:45,5
DA:46,0
DA:48,0
DA:49,0
DA:51,0
DA:56,5
DA:57,0
DA:58,0
DA:63,5
DA:64,0
DA:65,0
DA:70,5
DA:71,0
DA:72,0
DA:73,0
DA:76,5
DA:77,0
DA:78,0
DA:79,0
DA:82,5
DA:83,0
DA:84,0
DA:85,0
DA:88,5
DA:89,0
DA:90,0
DA:91,0
DA:93,0
DA:95,0
DA:96,0
DA:101,5
DA:102,0
DA:103,0
DA:104,0
DA:105,0
DA:110,5
DA:111,5
DA:112,5
DA:116,5
DA:153,0
DA:154,0
DA:182,1
DA:190,1
LF:64
LH:22
BRDA:15,0,0,0
BRDA:15,0,1,0
BRDA:16,1,0,0
BRDA:16,1,1,0
BRDA:28,2,0,0
BRDA:28,2,1,0
BRDA:35,3,0,0
BRDA:35,3,1,0
BRDA:35,4,0,0
BRDA:35,4,1,0
BRDA:46,5,0,0
BRDA:46,5,1,0
BRDA:48,6,0,0
BRDA:48,6,1,0
BRDA:57,7,0,0
BRDA:57,7,1,0
BRDA:57,8,0,0
BRDA:57,8,1,0
BRDA:64,9,0,0
BRDA:64,9,1,0
BRDA:64,10,0,0
BRDA:64,10,1,0
BRDA:73,11,0,0
BRDA:73,11,1,0
BRDA:85,12,0,0
BRDA:85,12,1,0
BRDA:93,13,0,0
BRDA:93,13,1,0
BRDA:95,14,0,0
BRDA:95,14,1,0
BRDA:95,15,0,0
BRDA:95,15,1,0
BRDA:104,16,0,0
BRDA:104,16,1,0
BRDA:111,17,0,5
BRDA:111,17,1,0
BRDA:125,18,0,0
BRDA:125,18,1,5
BRDA:126,19,0,0
BRDA:126,19,1,5
BRDA:134,20,0,5
BRDA:134,20,1,0
BRDA:175,21,0,5
BRDA:175,21,1,0
BRF:44
BRH:5
end_of_record
TN:
SF:src\components\documents\VersionHistory.jsx
FN:6,(anonymous_0)
FN:21,(anonymous_1)
FN:22,(anonymous_2)
FN:39,(anonymous_3)
FN:52,(anonymous_4)
FN:67,(anonymous_5)
FN:76,(anonymous_6)
FN:104,(anonymous_7)
FN:116,(anonymous_8)
FN:176,(anonymous_9)
FN:216,(anonymous_10)
FN:231,(anonymous_11)
FN:267,(anonymous_12)
FN:274,(anonymous_13)
FN:313,(anonymous_14)
FN:317,(anonymous_15)
FN:331,(anonymous_16)
FN:335,(anonymous_17)
FN:346,(anonymous_18)
FN:430,(anonymous_19)
FN:453,(anonymous_20)
FNF:21
FNH:0
FNDA:0,(anonymous_0)
FNDA:0,(anonymous_1)
FNDA:0,(anonymous_2)
FNDA:0,(anonymous_3)
FNDA:0,(anonymous_4)
FNDA:0,(anonymous_5)
FNDA:0,(anonymous_6)
FNDA:0,(anonymous_7)
FNDA:0,(anonymous_8)
FNDA:0,(anonymous_9)
FNDA:0,(anonymous_10)
FNDA:0,(anonymous_11)
FNDA:0,(anonymous_12)
FNDA:0,(anonymous_13)
FNDA:0,(anonymous_14)
FNDA:0,(anonymous_15)
FNDA:0,(anonymous_16)
FNDA:0,(anonymous_17)
FNDA:0,(anonymous_18)
FNDA:0,(anonymous_19)
FNDA:0,(anonymous_20)
DA:6,0
DA:7,0
DA:8,0
DA:9,0
DA:10,0
DA:11,0
DA:12,0
DA:13,0
DA:14,0
DA:15,0
DA:16,0
DA:17,0
DA:18,0
DA:21,0
DA:22,0
DA:23,0
DA:24,0
DA:25,0
DA:26,0
DA:28,0
DA:29,0
DA:31,0
DA:35,0
DA:39,0
DA:40,0
DA:41,0
DA:42,0
DA:52,0
DA:53,0
DA:55,0
DA:56,0
DA:57,0
DA:59,0
DA:60,0
DA:62,0
DA:67,0
DA:68,0
DA:70,0
DA:71,0
DA:72,0
DA:76,0
DA:77,0
DA:79,0
DA:80,0
DA:81,0
DA:88,0
DA:89,0
DA:92,0
DA:93,0
DA:94,0
DA:96,0
DA:97,0
DA:99,0
DA:104,0
DA:105,0
DA:107,0
DA:112,0
DA:116,0
DA:117,0
DA:119,0
DA:120,0
DA:121,0
DA:127,0
DA:129,0
DA:130,0
DA:132,0
DA:136,0
DA:137,0
DA:144,0
DA:145,0
DA:152,0
DA:153,0
DA:160,0
DA:177,0
DA:216,0
DA:231,0
DA:267,0
DA:274,0
DA:313,0
DA:318,0
DA:331,0
DA:336,0
DA:346,0
DA:431,0
DA:433,0
DA:434,0
DA:435,0
DA:436,0
DA:437,0
DA:438,0
DA:441,0
DA:454,0
DA:455,0
DA:471,0
DA:477,0
LF:95
LH:0
BRDA:26,0,0,0
BRDA:26,0,1,0
BRDA:40,1,0,0
BRDA:40,1,1,0
BRDA:53,2,0,0
BRDA:53,2,1,0
BRDA:68,3,0,0
BRDA:68,3,1,0
BRDA:77,4,0,0
BRDA:77,4,1,0
BRDA:77,5,0,0
BRDA:77,5,1,0
BRDA:89,6,0,0
BRDA:89,6,1,0
BRDA:105,7,0,0
BRDA:105,7,1,0
BRDA:108,8,0,0
BRDA:108,8,1,0
BRDA:109,9,0,0
BRDA:109,9,1,0
BRDA:117,10,0,0
BRDA:117,10,1,0
BRDA:117,11,0,0
BRDA:117,11,1,0
BRDA:136,12,0,0
BRDA:136,12,1,0
BRDA:144,13,0,0
BRDA:144,13,1,0
BRDA:152,14,0,0
BRDA:152,14,1,0
BRDA:164,15,0,0
BRDA:164,15,1,0
BRDA:184,16,0,0
BRDA:184,16,1,0
BRDA:194,17,0,0
BRDA:194,17,1,0
BRDA:200,18,0,0
BRDA:200,18,1,0
BRDA:203,19,0,0
BRDA:203,19,1,0
BRDA:214,20,0,0
BRDA:214,20,1,0
BRDA:214,20,2,0
BRDA:219,21,0,0
BRDA:219,21,1,0
BRDA:225,22,0,0
BRDA:225,22,1,0
BRDA:229,23,0,0
BRDA:229,23,1,0
BRDA:234,24,0,0
BRDA:234,24,1,0
BRDA:240,25,0,0
BRDA:240,25,1,0
BRDA:250,26,0,0
BRDA:250,26,1,0
BRDA:283,27,0,0
BRDA:283,27,1,0
BRDA:288,28,0,0
BRDA:288,28,1,0
BRDA:296,29,0,0
BRDA:296,29,1,0
BRDA:303,30,0,0
BRDA:303,30,1,0
BRDA:312,31,0,0
BRDA:312,31,1,0
BRDA:330,32,0,0
BRDA:330,32,1,0
BRDA:353,33,0,0
BRDA:353,33,1,0
BRDA:353,33,2,0
BRDA:355,34,0,0
BRDA:355,34,1,0
BRDA:355,35,0,0
BRDA:355,35,1,0
BRDA:355,35,2,0
BRDA:360,36,0,0
BRDA:360,36,1,0
BRDA:378,37,0,0
BRDA:378,37,1,0
BRDA:394,38,0,0
BRDA:394,38,1,0
BRDA:421,39,0,0
BRDA:421,39,1,0
BRDA:433,40,0,0
BRDA:433,40,1,0
BRDA:433,41,0,0
BRDA:433,41,1,0
BRDA:435,42,0,0
BRDA:435,42,1,0
BRDA:435,43,0,0
BRDA:435,43,1,0
BRDA:437,44,0,0
BRDA:437,44,1,0
BRF:93
BRH:0
end_of_record
TN:
SF:src\components\layouts\MainLayout.jsx
FN:5,(anonymous_0)
FNF:1
FNH:0
FNDA:0,(anonymous_0)
DA:5,0
DA:6,0
LF:2
LH:0
BRF:0
BRH:0
end_of_record
TN:
SF:src\components\search\ActiveFilters.jsx
FN:13,(anonymous_0)
FN:33,(anonymous_1)
FN:41,(anonymous_2)
FNF:3
FNH:0
FNDA:0,(anonymous_0)
FNDA:0,(anonymous_1)
FNDA:0,(anonymous_2)
DA:13,0
DA:15,0
DA:16,0
DA:19,0
DA:34,0
DA:41,0
DA:54,0
LF:7
LH:0
BRDA:15,0,0,0
BRDA:15,0,1,0
BRDA:15,1,0,0
BRDA:15,1,1,0
BRF:4
BRH:0
end_of_record
TN:
SF:src\components\search\AdvancedFilters.jsx
FN:18,(anonymous_0)
FN:37,(anonymous_1)
FN:50,(anonymous_2)
FN:55,(anonymous_3)
FN:60,(anonymous_4)
FN:65,(anonymous_5)
FN:70,(anonymous_6)
FN:76,(anonymous_7)
FN:89,(anonymous_8)
FN:101,(anonymous_9)
FN:114,(anonymous_10)
FN:156,(anonymous_11)
FN:173,(anonymous_12)
FNF:13
FNH:0
FNDA:0,(anonymous_0)
FNDA:0,(anonymous_1)
FNDA:0,(anonymous_2)
FNDA:0,(anonymous_3)
FNDA:0,(anonymous_4)
FNDA:0,(anonymous_5)
FNDA:0,(anonymous_6)
FNDA:0,(anonymous_7)
FNDA:0,(anonymous_8)
FNDA:0,(anonymous_9)
FNDA:0,(anonymous_10)
FNDA:0,(anonymous_11)
FNDA:0,(anonymous_12)
DA:18,0
DA:25,0
DA:26,0
DA:30,0
DA:31,0
DA:32,0
DA:33,0
DA:34,0
DA:37,0
DA:38,0
DA:42,0
DA:43,0
DA:44,0
DA:45,0
DA:46,0
DA:50,0
DA:51,0
DA:55,0
DA:56,0
DA:60,0
DA:61,0
DA:65,0
DA:66,0
DA:70,0
DA:71,0
DA:72,0
DA:76,0
DA:77,0
DA:89,0
DA:90,0
DA:91,0
DA:92,0
DA:93,0
DA:94,0
DA:95,0
DA:97,0
DA:101,0
DA:102,0
DA:110,0
DA:114,0
DA:157,0
DA:174,0
DA:227,0
LF:43
LH:0
BRDA:19,0,0,0
BRDA:20,1,0,0
BRDA:21,2,0,0
BRDA:27,3,0,0
BRDA:27,3,1,0
BRDA:28,4,0,0
BRDA:28,4,1,0
BRDA:30,5,0,0
BRDA:30,5,1,0
BRDA:31,6,0,0
BRDA:31,6,1,0
BRDA:32,7,0,0
BRDA:32,7,1,0
BRDA:33,8,0,0
BRDA:33,8,1,0
BRDA:34,9,0,0
BRDA:34,9,1,0
BRDA:39,10,0,0
BRDA:39,10,1,0
BRDA:40,11,0,0
BRDA:40,11,1,0
BRDA:42,12,0,0
BRDA:42,12,1,0
BRDA:43,13,0,0
BRDA:43,13,1,0
BRDA:44,14,0,0
BRDA:44,14,1,0
BRDA:45,15,0,0
BRDA:45,15,1,0
BRDA:46,16,0,0
BRDA:46,16,1,0
BRDA:102,17,0,0
BRDA:102,17,1,0
BRDA:102,17,2,0
BRDA:102,17,3,0
BRDA:102,17,4,0
BRDA:102,17,5,0
BRDA:120,18,0,0
BRDA:120,18,1,0
BRDA:126,19,0,0
BRDA:126,19,1,0
BRDA:134,20,0,0
BRDA:134,20,1,0
BRF:43
BRH:0
end_of_record
TN:
SF:src\components\search\DateRangePicker.jsx
FN:8,(anonymous_0)
FN:20,(anonymous_1)
FN:31,(anonymous_2)
FN:43,(anonymous_3)
FN:59,(anonymous_4)
FN:67,(anonymous_5)
FN:75,(anonymous_6)
FN:76,(anonymous_7)
FN:83,(anonymous_8)
FN:89,(anonymous_9)
FN:100,(anonymous_10)
FN:110,(anonymous_11)
FN:136,(anonymous_12)
FN:150,(anonymous_13)
FNF:14
FNH:0
FNDA:0,(anonymous_0)
FNDA:0,(anonymous_1)
FNDA:0,(anonymous_2)
FNDA:0,(anonymous_3)
FNDA:0,(anonymous_4)
FNDA:0,(anonymous_5)
FNDA:0,(anonymous_6)
FNDA:0,(anonymous_7)
FNDA:0,(anonymous_8)
FNDA:0,(anonymous_9)
FNDA:0,(anonymous_10)
FNDA:0,(anonymous_11)
FNDA:0,(anonymous_12)
FNDA:0,(anonymous_13)
DA:8,0
DA:13,0
DA:14,0
DA:15,0
DA:16,0
DA:17,0
DA:20,0
DA:21,0
DA:22,0
DA:23,0
DA:31,0
DA:32,0
DA:33,0
DA:34,0
DA:35,0
DA:36,0
DA:37,0
DA:39,0
DA:43,0
DA:44,0
DA:45,0
DA:46,0
DA:48,0
DA:49,0
DA:50,0
DA:54,0
DA:55,0
DA:59,0
DA:60,0
DA:61,0
DA:62,0
DA:67,0
DA:68,0
DA:69,0
DA:70,0
DA:71,0
DA:75,0
DA:76,0
DA:77,0
DA:78,0
DA:82,0
DA:83,0
DA:84,0
DA:89,0
DA:90,0
DA:91,0
DA:95,0
DA:100,0
DA:111,0
DA:112,0
DA:136,0
DA:150,0
DA:187,0
LF:53
LH:0
BRDA:10,0,0,0
BRDA:11,1,0,0
BRDA:21,2,0,0
BRDA:21,2,1,0
BRDA:32,3,0,0
BRDA:32,3,1,0
BRDA:32,4,0,0
BRDA:32,4,1,0
BRDA:34,5,0,0
BRDA:34,5,1,0
BRDA:36,6,0,0
BRDA:36,6,1,0
BRDA:44,7,0,0
BRDA:44,7,1,0
BRDA:44,8,0,0
BRDA:44,8,1,0
BRDA:48,9,0,0
BRDA:48,9,1,0
BRDA:60,10,0,0
BRDA:60,10,1,0
BRDA:77,11,0,0
BRDA:77,11,1,0
BRDA:77,12,0,0
BRDA:77,12,1,0
BRDA:90,13,0,0
BRDA:90,13,1,0
BRDA:90,14,0,0
BRDA:90,14,1,0
BRDA:107,15,0,0
BRDA:107,15,1,0
BRDA:107,15,2,0
BRDA:123,16,0,0
BRDA:123,16,1,0
BRDA:156,17,0,0
BRDA:156,17,1,0
BRF:35
BRH:0
end_of_record
TN:
SF:src\components\search\EmptyResultsSuggestions.jsx
FN:13,(anonymous_0)
FNF:1
FNH:0
FNDA:0,(anonymous_0)
DA:13,0
DA:15,0
DA:17,0
DA:83,0
LF:4
LH:0
BRDA:30,0,0,0
BRDA:30,0,1,0
BRDA:44,1,0,0
BRDA:44,1,1,0
BRDA:46,2,0,0
BRDA:46,2,1,0
BRDA:65,3,0,0
BRDA:65,3,1,0
BRDA:71,4,0,0
BRDA:71,4,1,0
BRF:10
BRH:0
end_of_record
TN:
SF:src\components\search\SearchBar.jsx
FN:8,(anonymous_0)
FN:15,(anonymous_1)
FN:32,(anonymous_2)
FN:50,(anonymous_3)
FNF:4
FNH:3
FNDA:9,(anonymous_0)
FNDA:2,(anonymous_1)
FNDA:0,(anonymous_2)
FNDA:2,(anonymous_3)
DA:8,1
DA:9,9
DA:10,9
DA:15,9
DA:16,2
DA:19,2
DA:20,1
DA:21,1
DA:25,1
DA:26,1
DA:32,9
DA:33,0
DA:34,0
DA:37,9
DA:50,2
DA:104,1
LF:16
LH:14
BRDA:8,0,0,9
BRDA:8,1,0,8
BRDA:19,2,0,1
BRDA:19,2,1,1
BRDA:52,3,0,1
BRDA:52,3,1,8
BRDA:60,4,0,9
BRDA:60,4,1,4
BRDA:76,5,0,0
BRDA:76,5,1,9
BRDA:81,6,0,0
BRDA:81,6,1,9
BRDA:90,7,0,9
BRDA:90,7,1,1
BRF:14
BRH:12
end_of_record
TN:
SF:src\components\search\SearchResults.jsx
FN:6,(anonymous_0)
FN:22,(anonymous_1)
FN:27,(anonymous_2)
FN:35,(anonymous_3)
FN:42,(anonymous_4)
FN:75,(anonymous_5)
FN:123,(anonymous_6)
FN:132,(anonymous_7)
FN:146,(anonymous_8)
FN:150,(anonymous_9)
FN:151,(anonymous_10)
FN:173,(anonymous_11)
FN:198,(anonymous_12)
FN:206,(anonymous_13)
FN:209,(anonymous_14)
FN:220,(anonymous_15)
FNF:16
FNH:5
FNDA:5,(anonymous_0)
FNDA:0,(anonymous_1)
FNDA:0,(anonymous_2)
FNDA:0,(anonymous_3)
FNDA:1,(anonymous_4)
FNDA:6,(anonymous_5)
FNDA:0,(anonymous_6)
FNDA:0,(anonymous_7)
FNDA:6,(anonymous_8)
FNDA:0,(anonymous_9)
FNDA:0,(anonymous_10)
FNDA:0,(anonymous_11)
FNDA:0,(anonymous_12)
FNDA:3,(anonymous_13)
FNDA:0,(anonymous_14)
FNDA:0,(anonymous_15)
DA:6,1
DA:16,5
DA:17,5
DA:18,5
DA:19,5
DA:22,5
DA:23,0
DA:27,5
DA:28,0
DA:29,0
DA:30,0
DA:31,0
DA:35,5
DA:36,0
DA:37,0
DA:42,5
DA:43,1
DA:44,1
DA:46,1
DA:48,1
DA:49,3
DA:53,0
DA:55,0
DA:56,0
DA:58,0
DA:60,0
DA:61,0
DA:65,0
DA:66,0
DA:71,1
DA:75,5
DA:76,6
DA:77,0
DA:78,0
DA:86,5
DA:87,0
DA:94,5
DA:95,2
DA:96,0
DA:103,2
DA:111,3
DA:123,0
DA:132,0
DA:147,6
DA:150,0
DA:151,0
DA:173,0
DA:198,0
DA:207,3
DA:209,0
DA:220,0
DA:234,1
DA:245,1
LF:53
LH:26
BRDA:28,0,0,0
BRDA:28,0,1,0
BRDA:28,1,0,0
BRDA:28,1,1,0
BRDA:36,2,0,0
BRDA:36,2,1,0
BRDA:36,3,0,0
BRDA:36,3,1,0
BRDA:46,4,0,1
BRDA:46,4,1,0
BRDA:53,5,0,0
BRDA:53,5,1,0
BRDA:58,6,0,0
BRDA:58,6,1,0
BRDA:76,7,0,6
BRDA:76,7,1,0
BRDA:86,8,0,0
BRDA:86,8,1,5
BRDA:94,9,0,2
BRDA:94,9,1,3
BRDA:95,10,0,0
BRDA:95,10,1,2
BRDA:122,11,0,0
BRDA:122,11,1,3
BRDA:126,12,0,3
BRDA:126,12,1,0
BRDA:127,13,0,0
BRDA:127,13,1,0
BRDA:131,14,0,3
BRDA:131,14,1,0
BRDA:135,15,0,3
BRDA:135,15,1,3
BRDA:136,16,0,0
BRDA:136,16,1,3
BRDA:159,17,0,6
BRDA:159,17,1,0
BRDA:164,18,0,6
BRDA:164,18,1,0
BRDA:180,19,0,6
BRDA:180,19,1,0
BRDA:180,19,2,0
BRDA:194,20,0,3
BRDA:194,20,1,1
BRDA:201,21,0,1
BRDA:201,21,1,0
BRDA:211,22,0,1
BRDA:211,22,1,2
BRDA:223,23,0,0
BRDA:223,23,1,1
BRF:49
BRH:21
end_of_record
TN:
SF:src\components\search\UserAutocomplete.jsx
FN:15,(anonymous_0)
FN:26,(anonymous_1)
FN:27,(anonymous_2)
FN:34,(anonymous_3)
FN:40,(anonymous_4)
FN:41,(anonymous_5)
FN:67,(anonymous_6)
FN:71,(anonymous_7)
FN:75,(anonymous_8)
FN:88,(anonymous_9)
FN:126,(anonymous_10)
FN:130,(anonymous_11)
FN:138,(anonymous_12)
FN:160,(anonymous_13)
FN:164,(anonymous_14)
FNF:15
FNH:0
FNDA:0,(anonymous_0)
FNDA:0,(anonymous_1)
FNDA:0,(anonymous_2)
FNDA:0,(anonymous_3)
FNDA:0,(anonymous_4)
FNDA:0,(anonymous_5)
FNDA:0,(anonymous_6)
FNDA:0,(anonymous_7)
FNDA:0,(anonymous_8)
FNDA:0,(anonymous_9)
FNDA:0,(anonymous_10)
FNDA:0,(anonymous_11)
FNDA:0,(anonymous_12)
FNDA:0,(anonymous_13)
FNDA:0,(anonymous_14)
DA:15,0
DA:16,0
DA:17,0
DA:18,0
DA:19,0
DA:20,0
DA:21,0
DA:22,0
DA:23,0
DA:26,0
DA:27,0
DA:28,0
DA:29,0
DA:33,0
DA:34,0
DA:35,0
DA:40,0
DA:41,0
DA:42,0
DA:43,0
DA:44,0
DA:47,0
DA:48,0
DA:50,0
DA:52,0
DA:56,0
DA:58,0
DA:59,0
DA:60,0
DA:62,0
DA:67,0
DA:68,0
DA:71,0
DA:75,0
DA:76,0
DA:77,0
DA:78,0
DA:79,0
DA:82,0
DA:83,0
DA:88,0
DA:89,0
DA:90,0
DA:91,0
DA:94,0
DA:95,0
DA:99,0
DA:127,0
DA:128,0
DA:130,0
DA:138,0
DA:161,0
DA:164,0
DA:189,0
LF:54
LH:0
BRDA:15,0,0,0
BRDA:15,1,0,0
BRDA:20,2,0,0
BRDA:20,2,1,0
BRDA:28,3,0,0
BRDA:28,3,1,0
BRDA:28,4,0,0
BRDA:28,4,1,0
BRDA:42,5,0,0
BRDA:42,5,1,0
BRDA:42,6,0,0
BRDA:42,6,1,0
BRDA:56,7,0,0
BRDA:56,7,1,0
BRDA:82,8,0,0
BRDA:82,8,1,0
BRDA:94,9,0,0
BRDA:94,9,1,0
BRDA:108,10,0,0
BRDA:108,10,1,0
BRDA:135,11,0,0
BRDA:135,11,1,0
BRDA:150,12,0,0
BRDA:150,12,1,0
BRDA:150,12,2,0
BRDA:152,13,0,0
BRDA:152,13,1,0
BRDA:156,14,0,0
BRDA:156,14,1,0
BRDA:158,15,0,0
BRDA:158,15,1,0
BRDA:173,16,0,0
BRDA:173,16,1,0
BRF:33
BRH:0
end_of_record
TN:
SF:src\components\sections\CtaSection.jsx
FN:4,(anonymous_0)
FNF:1
FNH:0
FNDA:0,(anonymous_0)
DA:4,0
DA:5,0
DA:7,0
DA:8,0
DA:11,0
LF:5
LH:0
BRDA:7,0,0,0
BRDA:7,0,1,0
BRF:2
BRH:0
end_of_record
TN:
SF:src\components\sections\DocumentTypesSection.jsx
FN:3,(anonymous_0)
FN:40,(anonymous_1)
FNF:2
FNH:0
FNDA:0,(anonymous_0)
FNDA:0,(anonymous_1)
DA:3,0
DA:4,0
DA:31,0
DA:41,0
LF:4
LH:0
BRF:0
BRH:0
end_of_record
TN:
SF:src\components\sections\FeaturesSection.jsx
FN:4,(anonymous_0)
FN:37,(anonymous_1)
FNF:2
FNH:0
FNDA:0,(anonymous_0)
FNDA:0,(anonymous_1)
DA:4,0
DA:5,0
DA:28,0
DA:38,0
LF:4
LH:0
BRF:0
BRH:0
end_of_record
TN:
SF:src\components\sections\HeroSection.jsx
FN:5,(anonymous_0)
FNF:1
FNH:0
FNDA:0,(anonymous_0)
DA:5,0
DA:6,0
DA:8,0
LF:3
LH:0
BRDA:30,0,0,0
BRDA:30,0,1,0
BRDA:30,1,0,0
BRDA:30,1,1,0
BRDA:30,1,2,0
BRF:5
BRH:0
end_of_record
TN:
SF:src\components\ui\Alert.jsx
FN:4,(anonymous_0)
FNF:1
FNH:1
FNDA:2,(anonymous_0)
DA:4,1
DA:5,2
DA:32,2
DA:34,2
DA:62,1
DA:68,1
LF:6
LH:6
BRDA:32,0,0,2
BRDA:32,0,1,0
BRDA:43,1,0,2
BRDA:43,1,1,0
BRF:4
BRH:2
end_of_record
TN:
SF:src\components\ui\AuthErrorNotification.jsx
FN:10,(anonymous_0)
FN:14,(anonymous_1)
FN:15,(anonymous_2)
FN:36,(anonymous_3)
FNF:4
FNH:0
FNDA:0,(anonymous_0)
FNDA:0,(anonymous_1)
FNDA:0,(anonymous_2)
FNDA:0,(anonymous_3)
DA:10,0
DA:11,0
DA:14,0
DA:15,0
DA:16,0
DA:18,0
DA:20,0
DA:21,0
DA:22,0
DA:24,0
DA:25,0
DA:26,0
DA:28,0
DA:33,0
DA:36,0
DA:37,0
DA:41,0
LF:17
LH:0
BRDA:18,0,0,0
BRDA:18,0,1,0
BRDA:18,0,2,0
BRDA:20,1,0,0
BRDA:20,1,1,0
BRDA:24,2,0,0
BRDA:24,2,1,0
BRDA:28,3,0,0
BRDA:28,3,1,0
BRF:9
BRH:0
end_of_record
TN:
SF:src\components\ui\FeatureCard.jsx
FN:4,(anonymous_0)
FN:8,(anonymous_1)
FN:10,(anonymous_2)
FN:14,(anonymous_3)
FN:28,(anonymous_4)
FNF:5
FNH:0
FNDA:0,(anonymous_0)
FNDA:0,(anonymous_1)
FNDA:0,(anonymous_2)
FNDA:0,(anonymous_3)
FNDA:0,(anonymous_4)
DA:4,0
DA:5,0
DA:6,0
DA:8,0
DA:9,0
DA:12,0
DA:14,0
DA:15,0
DA:18,0
DA:24,0
DA:25,0
DA:28,0
DA:29,0
DA:30,0
DA:35,0
DA:55,0
LF:16
LH:0
BRDA:4,0,0,0
BRDA:12,1,0,0
BRDA:12,1,1,0
BRDA:24,2,0,0
BRDA:24,2,1,0
BRDA:29,3,0,0
BRDA:29,3,1,0
BRDA:39,4,0,0
BRDA:39,4,1,0
BRF:9
BRH:0
end_of_record
TN:
SF:src\components\ui\Footer.jsx
FN:3,(anonymous_0)
FNF:1
FNH:0
FNDA:0,(anonymous_0)
DA:3,0
DA:4,0
DA:6,0
LF:3
LH:0
BRF:0
BRH:0
end_of_record
TN:
SF:src\components\ui\Navbar.jsx
FN:8,(anonymous_0)
FN:16,(anonymous_1)
FN:21,(anonymous_2)
FN:22,(anonymous_3)
FN:31,(anonymous_4)
FN:36,(anonymous_5)
FN:40,(anonymous_6)
FN:112,(anonymous_7)
FN:129,(anonymous_8)
FN:136,(anonymous_9)
FNF:10
FNH:0
FNDA:0,(anonymous_0)
FNDA:0,(anonymous_1)
FNDA:0,(anonymous_2)
FNDA:0,(anonymous_3)
FNDA:0,(anonymous_4)
FNDA:0,(anonymous_5)
FNDA:0,(anonymous_6)
FNDA:0,(anonymous_7)
FNDA:0,(anonymous_8)
FNDA:0,(anonymous_9)
DA:8,0
DA:9,0
DA:10,0
DA:11,0
DA:12,0
DA:13,0
DA:16,0
DA:17,0
DA:21,0
DA:22,0
DA:23,0
DA:24,0
DA:25,0
DA:29,0
DA:31,0
DA:32,0
DA:36,0
DA:37,0
DA:40,0
DA:41,0
DA:42,0
DA:43,0
DA:46,0
DA:112,0
DA:129,0
DA:136,0
LF:26
LH:0
BRDA:24,0,0,0
BRDA:24,0,1,0
BRDA:47,1,0,0
BRDA:47,1,1,0
BRDA:69,2,0,0
BRDA:69,2,1,0
BRDA:71,3,0,0
BRDA:71,3,1,0
BRDA:72,4,0,0
BRDA:72,4,1,0
BRDA:98,5,0,0
BRDA:98,5,1,0
BRDA:101,6,0,0
BRDA:101,6,1,0
BRDA:107,7,0,0
BRDA:107,7,1,0
BRDA:117,8,0,0
BRDA:117,8,1,0
BRDA:119,9,0,0
BRDA:119,9,1,0
BRDA:120,10,0,0
BRDA:120,10,1,0
BRF:22
BRH:0
end_of_record
TN:
SF:src\components\ui\ProgressBar.jsx
FN:3,(anonymous_0)
FNF:1
FNH:0
FNDA:0,(anonymous_0)
DA:3,0
DA:4,0
DA:21,0
DA:28,0
LF:4
LH:0
BRF:0
BRH:0
end_of_record
TN:
SF:src\components\ui\RoleBasedMenu.jsx
FN:17,(anonymous_0)
FN:22,(anonymous_1)
FN:23,(anonymous_2)
FN:30,(anonymous_3)
FN:105,(anonymous_4)
FN:117,(anonymous_5)
FN:140,(anonymous_6)
FN:175,(anonymous_7)
FN:204,(anonymous_8)
FN:209,(anonymous_9)
FN:228,(anonymous_10)
FN:234,(anonymous_11)
FNF:12
FNH:0
FNDA:0,(anonymous_0)
FNDA:0,(anonymous_1)
FNDA:0,(anonymous_2)
FNDA:0,(anonymous_3)
FNDA:0,(anonymous_4)
FNDA:0,(anonymous_5)
FNDA:0,(anonymous_6)
FNDA:0,(anonymous_7)
FNDA:0,(anonymous_8)
FNDA:0,(anonymous_9)
FNDA:0,(anonymous_10)
FNDA:0,(anonymous_11)
DA:17,0
DA:18,0
DA:19,0
DA:22,0
DA:23,0
DA:24,0
DA:25,0
DA:29,0
DA:30,0
DA:31,0
DA:36,0
DA:94,0
DA:101,0
DA:102,0
DA:105,0
DA:106,0
DA:108,0
DA:110,0
DA:112,0
DA:117,0
DA:118,0
DA:120,0
DA:122,0
DA:124,0
DA:126,0
DA:131,0
DA:132,0
DA:141,0
DA:171,0
DA:175,0
DA:205,0
DA:209,0
DA:228,0
DA:235,0
DA:236,0
DA:249,0
LF:36
LH:0
BRDA:17,0,0,0
BRDA:24,1,0,0
BRDA:24,1,1,0
BRDA:24,2,0,0
BRDA:24,2,1,0
BRDA:101,3,0,0
BRDA:101,3,1,0
BRDA:102,4,0,0
BRDA:102,4,1,0
BRDA:106,5,0,0
BRDA:106,5,1,0
BRDA:106,5,2,0
BRDA:118,6,0,0
BRDA:118,6,1,0
BRDA:118,6,2,0
BRDA:118,6,3,0
BRDA:131,7,0,0
BRDA:131,7,1,0
BRDA:183,8,0,0
BRDA:183,8,1,0
BRDA:189,9,0,0
BRDA:189,9,1,0
BRDA:202,10,0,0
BRDA:202,10,1,0
BRF:24
BRH:0
end_of_record
TN:
SF:src\context\AuthContext.jsx
FN:11,(anonymous_0)
FN:16,(anonymous_1)
FN:22,(anonymous_2)
FN:27,(anonymous_3)
FN:28,(anonymous_4)
FN:40,(anonymous_5)
FN:53,(anonymous_6)
FN:59,(anonymous_7)
FNF:8
FNH:0
FNDA:0,(anonymous_0)
FNDA:0,(anonymous_1)
FNDA:0,(anonymous_2)
FNDA:0,(anonymous_3)
FNDA:0,(anonymous_4)
FNDA:0,(anonymous_5)
FNDA:0,(anonymous_6)
FNDA:0,(anonymous_7)
DA:8,0
DA:11,0
DA:12,0
DA:16,0
DA:17,0
DA:18,0
DA:19,0
DA:22,0
DA:23,0
DA:27,0
DA:28,0
DA:29,0
DA:30,0
DA:31,0
DA:33,0
DA:36,0
DA:40,0
DA:41,0
DA:42,0
DA:43,0
DA:44,0
DA:45,0
DA:47,0
DA:48,0
DA:53,0
DA:54,0
DA:55,0
DA:59,0
DA:60,0
DA:61,0
DA:62,0
DA:64,0
DA:65,0
DA:70,0
DA:80,0
LF:35
LH:0
BRDA:29,0,0,0
BRDA:29,0,1,0
BRDA:76,1,0,0
BRDA:76,1,1,0
BRDA:82,2,0,0
BRDA:82,2,1,0
BRF:6
BRH:0
end_of_record
TN:
SF:src\hooks\usePermission.js
FN:10,(anonymous_0)
FN:29,(anonymous_1)
FN:32,(anonymous_2)
FNF:3
FNH:0
FNDA:0,(anonymous_0)
FNDA:0,(anonymous_1)
FNDA:0,(anonymous_2)
DA:10,0
DA:11,0
DA:14,0
DA:15,0
DA:19,0
DA:20,0
DA:24,0
DA:26,0
DA:27,0
DA:29,0
DA:32,0
DA:36,0
LF:12
LH:0
BRDA:10,0,0,0
BRDA:14,1,0,0
BRDA:14,1,1,0
BRDA:14,2,0,0
BRDA:14,2,1,0
BRDA:19,3,0,0
BRDA:19,3,1,0
BRDA:24,4,0,0
BRDA:24,4,1,0
BRDA:26,5,0,0
BRDA:26,5,1,0
BRDA:27,6,0,0
BRDA:27,6,1,0
BRF:13
BRH:0
end_of_record
TN:
SF:src\pages\AccessDeniedPage.jsx
FN:8,(anonymous_0)
FN:25,(anonymous_1)
FN:32,(anonymous_2)
FNF:3
FNH:0
FNDA:0,(anonymous_0)
FNDA:0,(anonymous_1)
FNDA:0,(anonymous_2)
DA:8,0
DA:9,0
DA:11,0
DA:25,0
DA:32,0
LF:5
LH:0
BRF:0
BRH:0
end_of_record
TN:
SF:src\pages\HomePage.jsx
FN:6,(anonymous_0)
FNF:1
FNH:0
FNDA:0,(anonymous_0)
DA:6,0
DA:7,0
LF:2
LH:0
BRF:0
BRH:0
end_of_record
TN:
SF:src\pages\NotFoundPage.jsx
FN:4,(anonymous_0)
FNF:1
FNH:0
FNDA:0,(anonymous_0)
DA:4,0
DA:5,0
LF:2
LH:0
BRF:0
BRH:0
end_of_record
TN:
SF:src\pages\admin\EditUserRolePage.jsx
FN:7,(anonymous_0)
FN:21,(anonymous_1)
FN:33,(anonymous_2)
FN:58,(anonymous_3)
FN:63,(anonymous_4)
FN:89,(anonymous_5)
FN:117,(anonymous_6)
FN:131,(anonymous_7)
FN:167,(anonymous_8)
FN:179,(anonymous_9)
FN:206,(anonymous_10)
FNF:11
FNH:0
FNDA:0,(anonymous_0)
FNDA:0,(anonymous_1)
FNDA:0,(anonymous_2)
FNDA:0,(anonymous_3)
FNDA:0,(anonymous_4)
FNDA:0,(anonymous_5)
FNDA:0,(anonymous_6)
FNDA:0,(anonymous_7)
FNDA:0,(anonymous_8)
FNDA:0,(anonymous_9)
FNDA:0,(anonymous_10)
DA:7,0
DA:8,0
DA:9,0
DA:10,0
DA:12,0
DA:13,0
DA:14,0
DA:15,0
DA:16,0
DA:17,0
DA:18,0
DA:21,0
DA:23,0
DA:24,0
DA:25,0
DA:28,0
DA:29,0
DA:30,0
DA:33,0
DA:34,0
DA:35,0
DA:37,0
DA:39,0
DA:40,0
DA:41,0
DA:44,0
DA:45,0
DA:47,0
DA:48,0
DA:50,0
DA:54,0
DA:58,0
DA:59,0
DA:63,0
DA:64,0
DA:67,0
DA:68,0
DA:69,0
DA:73,0
DA:74,0
DA:75,0
DA:78,0
DA:79,0
DA:81,0
DA:82,0
DA:86,0
DA:89,0
DA:90,0
DA:93,0
DA:94,0
DA:96,0
DA:101,0
DA:102,0
DA:110,0
DA:111,0
DA:117,0
DA:126,0
DA:131,0
DA:167,0
DA:180,0
DA:206,0
LF:61
LH:0
BRDA:23,0,0,0
BRDA:23,0,1,0
BRDA:28,1,0,0
BRDA:28,1,1,0
BRDA:67,2,0,0
BRDA:67,2,1,0
BRDA:73,3,0,0
BRDA:73,3,1,0
BRDA:73,4,0,0
BRDA:73,4,1,0
BRDA:94,5,0,0
BRDA:94,5,1,0
BRDA:101,6,0,0
BRDA:101,6,1,0
BRDA:110,7,0,0
BRDA:110,7,1,0
BRDA:149,8,0,0
BRDA:149,8,1,0
BRDA:156,9,0,0
BRDA:156,9,1,0
BRDA:167,10,0,0
BRDA:167,10,1,0
BRDA:177,11,0,0
BRDA:177,11,1,0
BRDA:189,12,0,0
BRDA:189,12,1,0
BRDA:195,13,0,0
BRDA:195,13,1,0
BRDA:208,14,0,0
BRDA:208,14,1,0
BRDA:215,15,0,0
BRDA:215,15,1,0
BRDA:215,15,2,0
BRDA:215,15,3,0
BRDA:215,15,4,0
BRDA:217,16,0,0
BRDA:217,16,1,0
BRF:37
BRH:0
end_of_record
TN:
SF:src\pages\admin\UserManagementPage.jsx
FN:7,(anonymous_0)
FN:24,(anonymous_1)
FN:36,(anonymous_2)
FN:61,(anonymous_3)
FN:68,(anonymous_4)
FN:84,(anonymous_5)
FN:87,(anonymous_6)
FN:88,(anonymous_7)
FN:93,(anonymous_8)
FN:114,(anonymous_9)
FN:138,(anonymous_10)
FN:169,(anonymous_11)
FN:173,(anonymous_12)
FN:210,(anonymous_13)
FN:235,(anonymous_14)
FN:244,(anonymous_15)
FN:266,(anonymous_16)
FN:277,(anonymous_17)
FN:280,(anonymous_18)
FN:292,(anonymous_19)
FN:347,(anonymous_20)
FN:384,(anonymous_21)
FN:390,(anonymous_22)
FNF:23
FNH:0
FNDA:0,(anonymous_0)
FNDA:0,(anonymous_1)
FNDA:0,(anonymous_2)
FNDA:0,(anonymous_3)
FNDA:0,(anonymous_4)
FNDA:0,(anonymous_5)
FNDA:0,(anonymous_6)
FNDA:0,(anonymous_7)
FNDA:0,(anonymous_8)
FNDA:0,(anonymous_9)
FNDA:0,(anonymous_10)
FNDA:0,(anonymous_11)
FNDA:0,(anonymous_12)
FNDA:0,(anonymous_13)
FNDA:0,(anonymous_14)
FNDA:0,(anonymous_15)
FNDA:0,(anonymous_16)
FNDA:0,(anonymous_17)
FNDA:0,(anonymous_18)
FNDA:0,(anonymous_19)
FNDA:0,(anonymous_20)
FNDA:0,(anonymous_21)
FNDA:0,(anonymous_22)
DA:7,0
DA:8,0
DA:9,0
DA:10,0
DA:11,0
DA:12,0
DA:13,0
DA:14,0
DA:17,0
DA:18,0
DA:20,0
DA:21,0
DA:24,0
DA:26,0
DA:27,0
DA:28,0
DA:31,0
DA:32,0
DA:33,0
DA:36,0
DA:37,0
DA:38,0
DA:40,0
DA:42,0
DA:43,0
DA:44,0
DA:47,0
DA:48,0
DA:50,0
DA:51,0
DA:53,0
DA:57,0
DA:61,0
DA:62,0
DA:63,0
DA:64,0
DA:67,0
DA:68,0
DA:69,0
DA:74,0
DA:75,0
DA:79,0
DA:80,0
DA:81,0
DA:84,0
DA:87,0
DA:88,0
DA:89,0
DA:93,0
DA:94,0
DA:98,0
DA:99,0
DA:107,0
DA:108,0
DA:114,0
DA:123,0
DA:138,0
DA:170,0
DA:173,0
DA:211,0
DA:212,0
DA:235,0
DA:244,0
DA:266,0
DA:278,0
DA:280,0
DA:292,0
DA:347,0
DA:384,0
DA:390,0
LF:70
LH:0
BRDA:26,0,0,0
BRDA:26,0,1,0
BRDA:31,1,0,0
BRDA:31,1,1,0
BRDA:62,2,0,0
BRDA:62,2,1,0
BRDA:69,3,0,0
BRDA:69,3,1,0
BRDA:69,3,2,0
BRDA:89,4,0,0
BRDA:89,4,1,0
BRDA:98,5,0,0
BRDA:98,5,1,0
BRDA:107,6,0,0
BRDA:107,6,1,0
BRDA:168,7,0,0
BRDA:168,7,1,0
BRDA:172,8,0,0
BRDA:172,8,1,0
BRDA:195,9,0,0
BRDA:195,9,1,0
BRDA:196,10,0,0
BRDA:196,10,1,0
BRDA:203,11,0,0
BRDA:203,11,1,0
BRDA:204,12,0,0
BRDA:204,12,1,0
BRDA:231,13,0,0
BRDA:231,13,1,0
BRDA:238,14,0,0
BRDA:238,14,1,0
BRDA:247,15,0,0
BRDA:247,15,1,0
BRDA:269,16,0,0
BRDA:269,16,1,0
BRDA:282,17,0,0
BRDA:282,17,1,0
BRDA:295,18,0,0
BRDA:295,18,1,0
BRDA:311,19,0,0
BRDA:311,19,1,0
BRDA:317,20,0,0
BRDA:317,20,1,0
BRDA:356,21,0,0
BRDA:356,21,1,0
BRDA:357,22,0,0
BRDA:357,22,1,0
BRDA:368,23,0,0
BRDA:368,23,1,0
BRF:49
BRH:0
end_of_record
TN:
SF:src\pages\admin\UserRoleHistoryPage.jsx
FN:7,(anonymous_0)
FN:18,(anonymous_1)
FN:30,(anonymous_2)
FN:54,(anonymous_3)
FN:82,(anonymous_4)
FN:96,(anonymous_5)
FN:144,(anonymous_6)
FNF:7
FNH:0
FNDA:0,(anonymous_0)
FNDA:0,(anonymous_1)
FNDA:0,(anonymous_2)
FNDA:0,(anonymous_3)
FNDA:0,(anonymous_4)
FNDA:0,(anonymous_5)
FNDA:0,(anonymous_6)
DA:7,0
DA:8,0
DA:9,0
DA:10,0
DA:12,0
DA:13,0
DA:14,0
DA:15,0
DA:18,0
DA:20,0
DA:21,0
DA:22,0
DA:25,0
DA:26,0
DA:27,0
DA:30,0
DA:31,0
DA:32,0
DA:34,0
DA:36,0
DA:37,0
DA:40,0
DA:41,0
DA:43,0
DA:44,0
DA:46,0
DA:50,0
DA:54,0
DA:55,0
DA:56,0
DA:66,0
DA:67,0
DA:75,0
DA:76,0
DA:82,0
DA:91,0
DA:96,0
DA:145,0
LF:38
LH:0
BRDA:20,0,0,0
BRDA:20,0,1,0
BRDA:25,1,0,0
BRDA:25,1,1,0
BRDA:66,2,0,0
BRDA:66,2,1,0
BRDA:75,3,0,0
BRDA:75,3,1,0
BRDA:114,4,0,0
BRDA:114,4,1,0
BRDA:124,5,0,0
BRDA:124,5,1,0
BRDA:154,6,0,0
BRDA:154,6,1,0
BRDA:155,7,0,0
BRDA:155,7,1,0
BRDA:162,8,0,0
BRDA:162,8,1,0
BRDA:163,9,0,0
BRDA:163,9,1,0
BRF:20
BRH:0
end_of_record
TN:
SF:src\pages\auth\LoginPage.jsx
FN:8,(anonymous_0)
FN:19,(anonymous_1)
FNF:2
FNH:0
FNDA:0,(anonymous_0)
FNDA:0,(anonymous_1)
DA:8,0
DA:9,0
DA:10,0
DA:11,0
DA:12,0
DA:13,0
DA:14,0
DA:17,0
DA:19,0
DA:20,0
DA:21,0
DA:22,0
DA:25,0
DA:30,0
DA:31,0
DA:33,0
DA:35,0
DA:36,0
DA:39,0
DA:40,0
DA:41,0
DA:43,0
DA:47,0
LF:23
LH:0
BRDA:17,0,0,0
BRDA:17,0,1,0
BRDA:30,1,0,0
BRDA:30,1,1,0
BRDA:36,2,0,0
BRDA:36,2,1,0
BRDA:40,3,0,0
BRDA:40,3,1,0
BRDA:52,4,0,0
BRDA:52,4,1,0
BRDA:73,5,0,0
BRDA:73,5,1,0
BRDA:84,6,0,0
BRDA:84,6,1,0
BRDA:103,7,0,0
BRDA:103,7,1,0
BRDA:114,8,0,0
BRDA:114,8,1,0
BRDA:134,9,0,0
BRDA:134,9,1,0
BRF:20
BRH:0
end_of_record
TN:
SF:src\pages\auth\RegisterPage.jsx
FN:8,(anonymous_0)
FN:17,(anonymous_1)
FN:204,(anonymous_2)
FNF:3
FNH:0
FNDA:0,(anonymous_0)
FNDA:0,(anonymous_1)
FNDA:0,(anonymous_2)
DA:8,0
DA:9,0
DA:10,0
DA:11,0
DA:12,0
DA:13,0
DA:15,0
DA:17,0
DA:18,0
DA:19,0
DA:20,0
DA:23,0
DA:32,0
DA:34,0
DA:35,0
DA:36,0
DA:38,0
DA:39,0
DA:42,0
DA:43,0
DA:44,0
DA:46,0
DA:50,0
DA:204,0
LF:24
LH:0
BRDA:34,0,0,0
BRDA:34,0,1,0
BRDA:39,1,0,0
BRDA:39,1,1,0
BRDA:55,2,0,0
BRDA:55,2,1,0
BRDA:76,3,0,0
BRDA:76,3,1,0
BRDA:87,4,0,0
BRDA:87,4,1,0
BRDA:106,5,0,0
BRDA:106,5,1,0
BRDA:117,6,0,0
BRDA:117,6,1,0
BRDA:136,7,0,0
BRDA:136,7,1,0
BRDA:147,8,0,0
BRDA:147,8,1,0
BRDA:166,9,0,0
BRDA:166,9,1,0
BRDA:181,10,0,0
BRDA:181,10,1,0
BRDA:200,11,0,0
BRDA:200,11,1,0
BRDA:204,12,0,0
BRDA:204,12,1,0
BRDA:208,13,0,0
BRDA:208,13,1,0
BRDA:221,14,0,0
BRDA:221,14,1,0
BRF:30
BRH:0
end_of_record
TN:
SF:src\pages\documents\DocumentDetailPage.jsx
FN:9,(anonymous_0)
FN:45,(anonymous_1)
FN:46,(anonymous_2)
FN:63,(anonymous_3)
FN:76,(anonymous_4)
FN:87,(anonymous_5)
FN:172,(anonymous_6)
FNF:7
FNH:0
FNDA:0,(anonymous_0)
FNDA:0,(anonymous_1)
FNDA:0,(anonymous_2)
FNDA:0,(anonymous_3)
FNDA:0,(anonymous_4)
FNDA:0,(anonymous_5)
FNDA:0,(anonymous_6)
DA:9,0
DA:10,0
DA:11,0
DA:12,0
DA:13,0
DA:15,0
DA:16,0
DA:17,0
DA:18,0
DA:21,0
DA:31,0
DA:38,0
DA:45,0
DA:46,0
DA:47,0
DA:48,0
DA:49,0
DA:50,0
DA:52,0
DA:53,0
DA:55,0
DA:59,0
DA:63,0
DA:64,0
DA:65,0
DA:66,0
DA:76,0
DA:78,0
DA:79,0
DA:82,0
DA:87,0
DA:88,0
DA:90,0
DA:91,0
DA:94,0
DA:96,0
DA:98,0
DA:99,0
DA:100,0
DA:104,0
DA:105,0
DA:114,0
DA:115,0
DA:134,0
DA:135,0
DA:154,0
DA:172,0
LF:47
LH:0
BRDA:21,0,0,0
BRDA:21,0,1,0
BRDA:21,0,2,0
BRDA:21,0,3,0
BRDA:21,0,4,0
BRDA:21,0,5,0
BRDA:31,1,0,0
BRDA:31,1,1,0
BRDA:31,1,2,0
BRDA:31,1,3,0
BRDA:31,1,4,0
BRDA:38,2,0,0
BRDA:38,2,1,0
BRDA:38,2,2,0
BRDA:38,2,3,0
BRDA:38,2,4,0
BRDA:64,3,0,0
BRDA:64,3,1,0
BRDA:78,4,0,0
BRDA:78,4,1,0
BRDA:88,5,0,0
BRDA:88,5,1,0
BRDA:88,6,0,0
BRDA:88,6,1,0
BRDA:94,7,0,0
BRDA:94,7,1,0
BRDA:104,8,0,0
BRDA:104,8,1,0
BRDA:114,9,0,0
BRDA:114,9,1,0
BRDA:114,10,0,0
BRDA:114,10,1,0
BRDA:120,11,0,0
BRDA:120,11,1,0
BRDA:134,12,0,0
BRDA:134,12,1,0
BRDA:170,13,0,0
BRDA:170,13,1,0
BRDA:179,14,0,0
BRDA:179,14,1,0
BRDA:184,15,0,0
BRDA:184,15,1,0
BRDA:190,16,0,0
BRDA:190,16,1,0
BRDA:220,17,0,0
BRDA:220,17,1,0
BRDA:229,18,0,0
BRDA:229,18,1,0
BRDA:233,19,0,0
BRDA:233,19,1,0
BRDA:244,20,0,0
BRDA:244,20,1,0
BRF:52
BRH:0
end_of_record
TN:
SF:src\pages\documents\EditDocumentPage.jsx
FN:9,(anonymous_0)
FN:38,(anonymous_1)
FN:39,(anonymous_2)
FN:83,(anonymous_3)
FN:85,(anonymous_4)
FN:93,(anonymous_5)
FN:112,(anonymous_6)
FN:125,(anonymous_7)
FN:134,(anonymous_8)
FN:162,(anonymous_9)
FN:163,(anonymous_10)
FN:220,(anonymous_11)
FNF:12
FNH:0
FNDA:0,(anonymous_0)
FNDA:0,(anonymous_1)
FNDA:0,(anonymous_2)
FNDA:0,(anonymous_3)
FNDA:0,(anonymous_4)
FNDA:0,(anonymous_5)
FNDA:0,(anonymous_6)
FNDA:0,(anonymous_7)
FNDA:0,(anonymous_8)
FNDA:0,(anonymous_9)
FNDA:0,(anonymous_10)
FNDA:0,(anonymous_11)
DA:9,0
DA:10,0
DA:11,0
DA:12,0
DA:15,0
DA:24,0
DA:25,0
DA:28,0
DA:29,0
DA:30,0
DA:31,0
DA:34,0
DA:35,0
DA:38,0
DA:39,0
DA:40,0
DA:41,0
DA:44,0
DA:51,0
DA:52,0
DA:54,0
DA:55,0
DA:56,0
DA:60,0
DA:68,0
DA:69,0
DA:72,0
DA:73,0
DA:75,0
DA:79,0
DA:83,0
DA:84,0
DA:85,0
DA:89,0
DA:93,0
DA:94,0
DA:97,0
DA:98,0
DA:99,0
DA:102,0
DA:103,0
DA:106,0
DA:108,0
DA:109,0
DA:112,0
DA:113,0
DA:117,0
DA:118,0
DA:120,0
DA:125,0
DA:126,0
DA:127,0
DA:129,0
DA:134,0
DA:135,0
DA:136,0
DA:139,0
DA:140,0
DA:149,0
DA:162,0
DA:163,0
DA:220,0
LF:62
LH:0
BRDA:54,0,0,0
BRDA:54,0,1,0
BRDA:54,1,0,0
BRDA:54,1,1,0
BRDA:61,2,0,0
BRDA:61,2,1,0
BRDA:62,3,0,0
BRDA:62,3,1,0
BRDA:63,4,0,0
BRDA:63,4,1,0
BRDA:64,5,0,0
BRDA:64,5,1,0
BRDA:65,6,0,0
BRDA:65,6,1,0
BRDA:97,7,0,0
BRDA:97,7,1,0
BRDA:97,8,0,0
BRDA:97,8,1,0
BRDA:97,8,2,0
BRDA:126,9,0,0
BRDA:126,9,1,0
BRDA:139,10,0,0
BRDA:139,10,1,0
BRDA:162,11,0,0
BRDA:162,11,1,0
BRDA:163,12,0,0
BRDA:163,12,1,0
BRDA:191,13,0,0
BRDA:191,13,1,0
BRDA:208,14,0,0
BRDA:208,14,1,0
BRF:31
BRH:0
end_of_record
TN:
SF:src\pages\documents\UploadDocumentPage.jsx
FN:12,(anonymous_0)
FN:39,(anonymous_1)
FN:40,(anonymous_2)
FN:58,(anonymous_3)
FN:60,(anonymous_4)
FN:67,(anonymous_5)
FN:72,(anonymous_6)
FN:95,(anonymous_7)
FN:101,(anonymous_8)
FN:117,(anonymous_9)
FN:118,(anonymous_10)
FN:154,(anonymous_11)
FNF:12
FNH:0
FNDA:0,(anonymous_0)
FNDA:0,(anonymous_1)
FNDA:0,(anonymous_2)
FNDA:0,(anonymous_3)
FNDA:0,(anonymous_4)
FNDA:0,(anonymous_5)
FNDA:0,(anonymous_6)
FNDA:0,(anonymous_7)
FNDA:0,(anonymous_8)
FNDA:0,(anonymous_9)
FNDA:0,(anonymous_10)
FNDA:0,(anonymous_11)
DA:12,0
DA:14,0
DA:23,0
DA:26,0
DA:27,0
DA:30,0
DA:31,0
DA:32,0
DA:33,0
DA:35,0
DA:36,0
DA:39,0
DA:40,0
DA:41,0
DA:42,0
DA:47,0
DA:48,0
DA:50,0
DA:54,0
DA:58,0
DA:59,0
DA:60,0
DA:67,0
DA:68,0
DA:72,0
DA:73,0
DA:76,0
DA:77,0
DA:78,0
DA:81,0
DA:82,0
DA:83,0
DA:85,0
DA:87,0
DA:93,0
DA:95,0
DA:98,0
DA:101,0
DA:102,0
DA:106,0
DA:108,0
DA:112,0
DA:117,0
DA:118,0
DA:154,0
LF:45
LH:0
BRDA:76,0,0,0
BRDA:76,0,1,0
BRDA:76,1,0,0
BRDA:76,1,1,0
BRDA:76,1,2,0
BRDA:76,1,3,0
BRDA:117,2,0,0
BRDA:117,2,1,0
BRDA:118,3,0,0
BRDA:118,3,1,0
BRDA:141,4,0,0
BRDA:141,4,1,0
BRDA:165,5,0,0
BRDA:165,5,1,0
BRF:14
BRH:0
end_of_record
TN:
SF:src\pages\search\SearchPage.jsx
FN:10,(anonymous_0)
FN:43,(anonymous_1)
FN:44,(anonymous_2)
FN:63,(anonymous_3)
FN:93,(anonymous_4)
FN:104,(anonymous_5)
FN:134,(anonymous_6)
FN:157,(anonymous_7)
FN:198,(anonymous_8)
FN:226,(anonymous_9)
FN:251,(anonymous_10)
FN:287,(anonymous_11)
FN:308,(anonymous_12)
FN:384,(anonymous_13)
FNF:14
FNH:0
FNDA:0,(anonymous_0)
FNDA:0,(anonymous_1)
FNDA:0,(anonymous_2)
FNDA:0,(anonymous_3)
FNDA:0,(anonymous_4)
FNDA:0,(anonymous_5)
FNDA:0,(anonymous_6)
FNDA:0,(anonymous_7)
FNDA:0,(anonymous_8)
FNDA:0,(anonymous_9)
FNDA:0,(anonymous_10)
FNDA:0,(anonymous_11)
FNDA:0,(anonymous_12)
FNDA:0,(anonymous_13)
DA:10,0
DA:12,0
DA:13,0
DA:14,0
DA:15,0
DA:21,0
DA:25,0
DA:26,0
DA:27,0
DA:28,0
DA:29,0
DA:32,0
DA:33,0
DA:34,0
DA:35,0
DA:36,0
DA:37,0
DA:38,0
DA:39,0
DA:40,0
DA:43,0
DA:44,0
DA:45,0
DA:46,0
DA:51,0
DA:52,0
DA:54,0
DA:55,0
DA:59,0
DA:63,0
DA:64,0
DA:66,0
DA:67,0
DA:74,0
DA:75,0
DA:76,0
DA:83,0
DA:84,0
DA:85,0
DA:92,0
DA:93,0
DA:94,0
DA:95,0
DA:103,0
DA:104,0
DA:105,0
DA:106,0
DA:114,0
DA:115,0
DA:122,0
DA:123,0
DA:130,0
DA:134,0
DA:135,0
DA:136,0
DA:138,0
DA:139,0
DA:140,0
DA:141,0
DA:148,0
DA:149,0
DA:150,0
DA:152,0
DA:157,0
DA:159,0
DA:165,0
DA:166,0
DA:169,0
DA:170,0
DA:171,0
DA:172,0
DA:175,0
DA:176,0
DA:179,0
DA:191,0
DA:194,0
DA:198,0
DA:200,0
DA:201,0
DA:202,0
DA:205,0
DA:212,0
DA:213,0
DA:214,0
DA:215,0
DA:216,0
DA:217,0
DA:218,0
DA:219,0
DA:222,0
DA:226,0
DA:227,0
DA:230,0
DA:239,0
DA:240,0
DA:241,0
DA:242,0
DA:243,0
DA:244,0
DA:247,0
DA:251,0
DA:253,0
DA:265,0
DA:268,0
DA:283,0
DA:287,0
DA:289,0
DA:290,0
DA:293,0
DA:300,0
DA:301,0
DA:304,0
DA:308,0
DA:309,0
DA:311,0
DA:313,0
DA:314,0
DA:316,0
DA:317,0
DA:319,0
DA:320,0
DA:322,0
DA:323,0
DA:325,0
DA:326,0
DA:328,0
DA:329,0
DA:331,0
DA:332,0
DA:333,0
DA:335,0
DA:339,0
DA:340,0
DA:343,0
DA:351,0
DA:352,0
DA:355,0
DA:356,0
DA:359,0
DA:360,0
DA:363,0
DA:364,0
DA:367,0
DA:368,0
DA:371,0
DA:372,0
DA:375,0
DA:376,0
DA:380,0
DA:384,0
DA:385,0
DA:387,0
DA:395,0
DA:396,0
DA:397,0
DA:398,0
DA:399,0
DA:400,0
DA:401,0
DA:404,0
DA:408,0
LF:161
LH:0
BRDA:32,0,0,0
BRDA:32,0,1,0
BRDA:33,1,0,0
BRDA:33,1,1,0
BRDA:34,2,0,0
BRDA:34,2,1,0
BRDA:35,3,0,0
BRDA:35,3,1,0
BRDA:36,4,0,0
BRDA:36,4,1,0
BRDA:37,5,0,0
BRDA:37,5,1,0
BRDA:38,6,0,0
BRDA:38,6,1,0
BRDA:39,7,0,0
BRDA:39,7,1,0
BRDA:40,8,0,0
BRDA:40,8,1,0
BRDA:66,9,0,0
BRDA:66,9,1,0
BRDA:74,10,0,0
BRDA:74,10,1,0
BRDA:83,11,0,0
BRDA:83,11,1,0
BRDA:92,12,0,0
BRDA:92,12,1,0
BRDA:94,13,0,0
BRDA:94,13,1,0
BRDA:103,14,0,0
BRDA:103,14,1,0
BRDA:105,15,0,0
BRDA:105,15,1,0
BRDA:114,16,0,0
BRDA:114,16,1,0
BRDA:122,17,0,0
BRDA:122,17,1,0
BRDA:122,18,0,0
BRDA:122,18,1,0
BRDA:140,19,0,0
BRDA:140,19,1,0
BRDA:142,20,0,0
BRDA:142,20,1,0
BRDA:143,21,0,0
BRDA:143,21,1,0
BRDA:144,22,0,0
BRDA:144,22,1,0
BRDA:145,23,0,0
BRDA:145,23,1,0
BRDA:165,24,0,0
BRDA:165,24,1,0
BRDA:166,25,0,0
BRDA:166,25,1,0
BRDA:169,26,0,0
BRDA:169,26,1,0
BRDA:170,27,0,0
BRDA:170,27,1,0
BRDA:171,28,0,0
BRDA:171,28,1,0
BRDA:172,29,0,0
BRDA:172,29,1,0
BRDA:182,30,0,0
BRDA:182,30,1,0
BRDA:183,31,0,0
BRDA:183,31,1,0
BRDA:184,32,0,0
BRDA:184,32,1,0
BRDA:185,33,0,0
BRDA:185,33,1,0
BRDA:186,34,0,0
BRDA:186,34,1,0
BRDA:187,35,0,0
BRDA:187,35,1,0
BRDA:188,36,0,0
BRDA:188,36,1,0
BRDA:212,37,0,0
BRDA:212,37,1,0
BRDA:213,38,0,0
BRDA:213,38,1,0
BRDA:214,39,0,0
BRDA:214,39,1,0
BRDA:215,40,0,0
BRDA:215,40,1,0
BRDA:216,41,0,0
BRDA:216,41,1,0
BRDA:217,42,0,0
BRDA:217,42,1,0
BRDA:239,43,0,0
BRDA:239,43,1,0
BRDA:240,44,0,0
BRDA:240,44,1,0
BRDA:241,45,0,0
BRDA:241,45,1,0
BRDA:242,46,0,0
BRDA:242,46,1,0
BRDA:243,47,0,0
BRDA:243,47,1,0
BRDA:244,48,0,0
BRDA:244,48,1,0
BRDA:254,49,0,0
BRDA:254,49,1,0
BRDA:256,50,0,0
BRDA:256,50,1,0
BRDA:257,51,0,0
BRDA:257,51,1,0
BRDA:258,52,0,0
BRDA:258,52,1,0
BRDA:259,53,0,0
BRDA:259,53,1,0
BRDA:260,54,0,0
BRDA:260,54,1,0
BRDA:261,55,0,0
BRDA:261,55,1,0
BRDA:262,56,0,0
BRDA:262,56,1,0
BRDA:269,57,0,0
BRDA:269,57,1,0
BRDA:274,58,0,0
BRDA:274,58,1,0
BRDA:275,59,0,0
BRDA:275,59,1,0
BRDA:276,60,0,0
BRDA:276,60,1,0
BRDA:277,61,0,0
BRDA:277,61,1,0
BRDA:278,62,0,0
BRDA:278,62,1,0
BRDA:279,63,0,0
BRDA:279,63,1,0
BRDA:289,64,0,0
BRDA:289,64,1,0
BRDA:300,65,0,0
BRDA:300,65,1,0
BRDA:311,66,0,0
BRDA:311,66,1,0
BRDA:311,66,2,0
BRDA:311,66,3,0
BRDA:311,66,4,0
BRDA:311,66,5,0
BRDA:311,66,6,0
BRDA:311,66,7,0
BRDA:351,67,0,0
BRDA:351,67,1,0
BRDA:351,68,0,0
BRDA:351,68,1,0
BRDA:355,69,0,0
BRDA:355,69,1,0
BRDA:355,70,0,0
BRDA:355,70,1,0
BRDA:359,71,0,0
BRDA:359,71,1,0
BRDA:359,72,0,0
BRDA:359,72,1,0
BRDA:363,73,0,0
BRDA:363,73,1,0
BRDA:363,74,0,0
BRDA:363,74,1,0
BRDA:367,75,0,0
BRDA:367,75,1,0
BRDA:367,76,0,0
BRDA:367,76,1,0
BRDA:371,77,0,0
BRDA:371,77,1,0
BRDA:371,78,0,0
BRDA:371,78,1,0
BRDA:375,79,0,0
BRDA:375,79,1,0
BRDA:375,80,0,0
BRDA:375,80,1,0
BRDA:385,81,0,0
BRDA:385,81,1,0
BRDA:385,82,0,0
BRDA:385,82,1,0
BRDA:385,82,2,0
BRDA:385,82,3,0
BRDA:385,82,4,0
BRDA:385,82,5,0
BRDA:385,82,6,0
BRDA:395,83,0,0
BRDA:395,83,1,0
BRDA:396,84,0,0
BRDA:396,84,1,0
BRDA:397,85,0,0
BRDA:397,85,1,0
BRDA:398,86,0,0
BRDA:398,86,1,0
BRDA:399,87,0,0
BRDA:399,87,1,0
BRDA:400,88,0,0
BRDA:400,88,1,0
BRDA:401,89,0,0
BRDA:401,89,1,0
BRDA:422,90,0,0
BRDA:422,90,1,0
BRDA:448,91,0,0
BRDA:448,91,1,0
BRDA:465,92,0,0
BRDA:465,92,1,0
BRDA:465,93,0,0
BRDA:465,93,1,0
BRDA:465,93,2,0
BRDA:465,93,3,0
BRF:201
BRH:0
end_of_record
TN:
SF:src\utils\api.js
FN:14,(anonymous_0)
FN:21,(anonymous_1)
FN:27,(anonymous_2)
FN:44,(anonymous_3)
FN:72,(anonymous_4)
FN:78,(anonymous_5)
FN:100,(anonymous_6)
FN:115,parseJwt
FN:122,(anonymous_8)
FN:133,handleApiError
FNF:10
FNH:0
FNDA:0,(anonymous_0)
FNDA:0,(anonymous_1)
FNDA:0,(anonymous_2)
FNDA:0,(anonymous_3)
FNDA:0,(anonymous_4)
FNDA:0,(anonymous_5)
FNDA:0,(anonymous_6)
FNDA:0,parseJwt
FNDA:0,(anonymous_8)
FNDA:0,handleApiError
DA:5,0
DA:13,0
DA:15,0
DA:16,0
DA:17,0
DA:19,0
DA:21,0
DA:25,0
DA:28,0
DA:29,0
DA:30,0
DA:37,0
DA:39,0
DA:45,0
DA:47,0
DA:48,0
DA:49,0
DA:51,0
DA:57,0
DA:58,0
DA:61,0
DA:62,0
DA:65,0
DA:67,0
DA:73,0
DA:74,0
DA:79,0
DA:80,0
DA:82,0
DA:83,0
DA:84,0
DA:87,0
DA:88,0
DA:89,0
DA:92,0
DA:94,0
DA:95,0
DA:101,0
DA:102,0
DA:103,0
DA:104,0
DA:106,0
DA:108,0
DA:109,0
DA:116,0
DA:117,0
DA:118,0
DA:119,0
DA:122,0
DA:125,0
DA:127,0
DA:128,0
DA:134,0
DA:136,0
DA:139,0
DA:140,0
DA:141,0
DA:143,0
DA:146,0
LF:59
LH:0
BRDA:6,0,0,0
BRDA:6,0,1,0
BRDA:16,1,0,0
BRDA:16,1,1,0
BRDA:57,2,0,0
BRDA:57,2,1,0
BRDA:80,3,0,0
BRDA:80,3,1,0
BRDA:87,4,0,0
BRDA:87,4,1,0
BRDA:103,5,0,0
BRDA:103,5,1,0
BRDA:136,6,0,0
BRDA:136,6,1,0
BRDA:140,7,0,0
BRDA:140,7,1,0
BRDA:140,7,2,0
BRDA:141,8,0,0
BRDA:141,8,1,0
BRF:19
BRH:0
end_of_record
TN:
SF:src\utils\authInterceptor.js
FN:11,(anonymous_0)
FN:43,(anonymous_1)
FN:46,(anonymous_2)
FN:47,(anonymous_3)
FNF:4
FNH:0
FNDA:0,(anonymous_0)
FNDA:0,(anonymous_1)
FNDA:0,(anonymous_2)
FNDA:0,(anonymous_3)
DA:11,0
DA:13,0
DA:14,0
DA:17,0
DA:20,0
DA:22,0
DA:23,0
DA:24,0
DA:28,0
DA:29,0
DA:30,0
DA:33,0
DA:43,0
DA:45,0
DA:46,0
DA:47,0
LF:16
LH:0
BRDA:13,0,0,0
BRDA:13,0,1,0
BRDA:20,1,0,0
BRDA:20,1,1,0
BRDA:28,2,0,0
BRDA:28,2,1,0
BRF:6
BRH:0
end_of_record
TN:
SF:src\utils\documentService.js
FN:6,(anonymous_0)
FN:16,(anonymous_1)
FN:26,(anonymous_2)
FN:67,(anonymous_3)
FN:108,(anonymous_4)
FN:118,(anonymous_5)
FN:128,(anonymous_6)
FN:138,(anonymous_7)
FN:148,(anonymous_8)
FN:158,(anonymous_9)
FN:199,(anonymous_10)
FN:223,(anonymous_11)
FN:237,(anonymous_12)
FN:246,(anonymous_13)
FN:275,handleApiError
FNF:15
FNH:0
FNDA:0,(anonymous_0)
FNDA:0,(anonymous_1)
FNDA:0,(anonymous_2)
FNDA:0,(anonymous_3)
FNDA:0,(anonymous_4)
FNDA:0,(anonymous_5)
FNDA:0,(anonymous_6)
FNDA:0,(anonymous_7)
FNDA:0,(anonymous_8)
FNDA:0,(anonymous_9)
FNDA:0,(anonymous_10)
FNDA:0,(anonymous_11)
FNDA:0,(anonymous_12)
FNDA:0,(anonymous_13)
FNDA:0,handleApiError
DA:4,0
DA:7,0
DA:8,0
DA:9,0
DA:11,0
DA:17,0
DA:18,0
DA:19,0
DA:21,0
DA:27,0
DA:28,0
DA:33,0
DA:36,0
DA:37,0
DA:40,0
DA:41,0
DA:43,0
DA:44,0
DA:45,0
DA:46,0
DA:47,0
DA:49,0
DA:53,0
DA:54,0
DA:55,0
DA:58,0
DA:60,0
DA:62,0
DA:68,0
DA:69,0
DA:74,0
DA:77,0
DA:78,0
DA:81,0
DA:82,0
DA:84,0
DA:85,0
DA:86,0
DA:87,0
DA:88,0
DA:90,0
DA:94,0
DA:95,0
DA:96,0
DA:99,0
DA:101,0
DA:103,0
DA:109,0
DA:110,0
DA:111,0
DA:113,0
DA:119,0
DA:120,0
DA:121,0
DA:123,0
DA:129,0
DA:130,0
DA:131,0
DA:133,0
DA:139,0
DA:140,0
DA:141,0
DA:143,0
DA:149,0
DA:150,0
DA:151,0
DA:153,0
DA:159,0
DA:160,0
DA:165,0
DA:168,0
DA:169,0
DA:172,0
DA:173,0
DA:175,0
DA:176,0
DA:177,0
DA:178,0
DA:179,0
DA:181,0
DA:185,0
DA:186,0
DA:187,0
DA:190,0
DA:192,0
DA:194,0
DA:200,0
DA:201,0
DA:202,0
DA:203,0
DA:206,0
DA:216,0
DA:218,0
DA:224,0
DA:225,0
DA:230,0
DA:232,0
DA:238,0
DA:242,0
DA:243,0
DA:246,0
DA:247,0
DA:248,0
DA:253,0
DA:254,0
DA:255,0
DA:257,0
DA:264,0
DA:267,0
DA:269,0
DA:276,0
DA:278,0
DA:281,0
DA:282,0
DA:283,0
DA:285,0
DA:288,0
LF:117
LH:0
BRDA:26,0,0,0
BRDA:43,1,0,0
BRDA:43,1,1,0
BRDA:45,2,0,0
BRDA:45,2,1,0
BRDA:47,3,0,0
BRDA:47,3,1,0
BRDA:67,4,0,0
BRDA:84,5,0,0
BRDA:84,5,1,0
BRDA:86,6,0,0
BRDA:86,6,1,0
BRDA:88,7,0,0
BRDA:88,7,1,0
BRDA:158,8,0,0
BRDA:175,9,0,0
BRDA:175,9,1,0
BRDA:177,10,0,0
BRDA:177,10,1,0
BRDA:179,11,0,0
BRDA:179,11,1,0
BRDA:199,12,0,0
BRDA:202,13,0,0
BRDA:202,13,1,0
BRDA:237,14,0,0
BRDA:237,15,0,0
BRDA:237,16,0,0
BRDA:242,17,0,0
BRDA:242,17,1,0
BRDA:247,18,0,0
BRDA:247,18,1,0
BRDA:247,19,0,0
BRDA:247,19,1,0
BRDA:254,20,0,0
BRDA:254,20,1,0
BRDA:255,21,0,0
BRDA:255,21,1,0
BRDA:278,22,0,0
BRDA:278,22,1,0
BRDA:282,23,0,0
BRDA:282,23,1,0
BRDA:282,23,2,0
BRDA:283,24,0,0
BRDA:283,24,1,0
BRF:44
BRH:0
end_of_record
